{"D:\\Projects\\own\\2017\\04\\istanbul\\vendingmachine-test.js":{"path":"D:\\Projects\\own\\2017\\04\\istanbul\\vendingmachine-test.js","s":{"1":1,"2":1,"3":1,"4":1,"5":1,"6":1,"7":1,"8":1,"9":1,"10":1,"11":1,"12":1,"13":1,"14":1,"15":1},"b":{},"f":{"1":1,"2":1,"3":1,"4":1},"fnMap":{"1":{"name":"(anonymous_1)","line":4,"loc":{"start":{"line":4,"column":36},"end":{"line":4,"column":46}}},"2":{"name":"(anonymous_2)","line":5,"loc":{"start":{"line":5,"column":60},"end":{"line":5,"column":71}}},"3":{"name":"(anonymous_3)","line":12,"loc":{"start":{"line":12,"column":59},"end":{"line":12,"column":70}}},"4":{"name":"(anonymous_4)","line":18,"loc":{"start":{"line":18,"column":75},"end":{"line":18,"column":86}}}},"statementMap":{"1":{"start":{"line":1,"column":0},"end":{"line":2,"column":47}},"2":{"start":{"line":4,"column":0},"end":{"line":23,"column":3}},"3":{"start":{"line":5,"column":4},"end":{"line":10,"column":7}},"4":{"start":{"line":6,"column":8},"end":{"line":6,"column":41}},"5":{"start":{"line":7,"column":8},"end":{"line":7,"column":39}},"6":{"start":{"line":8,"column":8},"end":{"line":8,"column":46}},"7":{"start":{"line":9,"column":8},"end":{"line":9,"column":50}},"8":{"start":{"line":12,"column":4},"end":{"line":16,"column":7}},"9":{"start":{"line":13,"column":8},"end":{"line":13,"column":41}},"10":{"start":{"line":14,"column":8},"end":{"line":14,"column":39}},"11":{"start":{"line":15,"column":8},"end":{"line":15,"column":50}},"12":{"start":{"line":18,"column":4},"end":{"line":22,"column":7}},"13":{"start":{"line":19,"column":8},"end":{"line":19,"column":40}},"14":{"start":{"line":20,"column":8},"end":{"line":20,"column":55}},"15":{"start":{"line":21,"column":8},"end":{"line":21,"column":50}}},"branchMap":{}},"D:\\Projects\\own\\2017\\04\\istanbul\\vendingmachine.js":{"path":"D:\\Projects\\own\\2017\\04\\istanbul\\vendingmachine.js","s":{"1":1,"2":3,"3":3,"4":3,"5":3,"6":3,"7":24,"8":24,"9":15,"10":15,"11":16,"12":16,"13":3,"14":1},"b":{"1":[15,9]},"f":{"1":3},"fnMap":{"1":{"name":"getChange","line":10,"loc":{"start":{"line":10,"column":0},"end":{"line":10,"column":43}}}},"statementMap":{"1":{"start":{"line":10,"column":0},"end":{"line":29,"column":1}},"2":{"start":{"line":11,"column":4},"end":{"line":11,"column":48}},"3":{"start":{"line":12,"column":4},"end":{"line":12,"column":20}},"4":{"start":{"line":13,"column":4},"end":{"line":13,"column":30}},"5":{"start":{"line":14,"column":4},"end":{"line":14,"column":44}},"6":{"start":{"line":16,"column":4},"end":{"line":27,"column":5}},"7":{"start":{"line":17,"column":8},"end":{"line":17,"column":28}},"8":{"start":{"line":19,"column":8},"end":{"line":26,"column":9}},"9":{"start":{"line":20,"column":12},"end":{"line":20,"column":51}},"10":{"start":{"line":22,"column":12},"end":{"line":25,"column":13}},"11":{"start":{"line":23,"column":16},"end":{"line":23,"column":34}},"12":{"start":{"line":24,"column":16},"end":{"line":24,"column":45}},"13":{"start":{"line":28,"column":4},"end":{"line":28,"column":18}},"14":{"start":{"line":34,"column":0},"end":{"line":34,"column":27},"skip":true}},"branchMap":{"1":{"line":19,"type":"if","locations":[{"start":{"line":19,"column":8},"end":{"line":19,"column":8}},{"start":{"line":19,"column":8},"end":{"line":19,"column":8}}]}}}}