TN:
SF:D:\Projects\own\2017\04\istanbul\vendingmachine-test.js
FN:4,(anonymous_1)
FN:5,(anonymous_2)
FN:12,(anonymous_3)
FN:18,(anonymous_4)
FNF:4
FNH:4
FNDA:1,(anonymous_1)
FNDA:1,(anonymous_2)
FNDA:1,(anonymous_3)
FNDA:1,(anonymous_4)
DA:1,1
DA:4,1
DA:5,1
DA:6,1
DA:7,1
DA:8,1
DA:9,1
DA:12,1
DA:13,1
DA:14,1
DA:15,1
DA:18,1
DA:19,1
DA:20,1
DA:21,1
LF:15
LH:15
BRF:0
BRH:0
end_of_record
TN:
SF:D:\Projects\own\2017\04\istanbul\vendingmachine.js
FN:10,getChange
FNF:1
FNH:1
FNDA:3,getChange
DA:10,1
DA:11,3
DA:12,3
DA:13,3
DA:14,3
DA:16,3
DA:17,24
DA:19,24
DA:20,15
DA:22,15
DA:23,16
DA:24,16
DA:28,3
DA:34,1
LF:14
LH:14
BRDA:19,1,0,15
BRDA:19,1,1,9
BRF:2
BRH:2
end_of_record
